#
# There is insufficient memory for the Java Runtime Environment to continue.
# Native memory allocation (mmap) failed to map 2097152 bytes for G1 virtual space
# Possible reasons:
#   The system is out of physical RAM or swap space
#   The process is running with CompressedOops enabled, and the Java Heap may be blocking the growth of the native heap
# Possible solutions:
#   Reduce memory load on the system
#   Increase physical memory or swap space
#   Check if swap backing store is full
#   Decrease Java heap size (-Xmx/-Xms)
#   Decrease number of Java threads
#   Decrease Java thread stack sizes (-Xss)
#   Set larger code cache with -XX:ReservedCodeCacheSize=
#   JVM is running with Unscaled Compressed Oops mode in which the Java heap is
#     placed in the first 4GB address space. The Java Heap base address is the
#     maximum limit for the native heap growth. Please use -XX:HeapBaseMinAddress
#     to set the Java Heap base and to place the Java Heap above 4GB virtual address.
# This output file may be truncated or incomplete.
#
#  Out of Memory Error (os_windows.cpp:3541), pid=8412, tid=27344
#
# JRE version:  (17.0.4+8) (build )
# Java VM: OpenJDK 64-Bit Server VM (17.0.4+8, mixed mode, emulated-client, sharing, tiered, compressed oops, compressed class ptrs, g1 gc, windows-amd64)
# No core dump will be written. Minidumps are not enabled by default on client versions of Windows
#

---------------  S U M M A R Y ------------

Command Line: -Dcom.sun.management.jmxremote -Dcom.sun.management.jmxremote.port=63092 -Dcom.sun.management.jmxremote.authenticate=false -Dcom.sun.management.jmxremote.ssl=false -Djava.rmi.server.hostname=localhost -Dspring.jmx.enabled=true -Dspring.application.admin.enabled=true -XX:TieredStopAtLevel=1 -Dspring.boot.project.name=RatingService -Dfile.encoding=UTF-8 -XX:+ShowCodeDetailsInExceptionMessages com.lcwd.ratingservice.RatingServiceApplication --spring.output.ansi.enabled=always

Host: Intel(R) Core(TM) i5-8250U CPU @ 1.60GHz, 8 cores, 7G,  Windows 10 , 64 bit Build 19041 (10.0.19041.2364)
Time: Wed Mar  8 11:36:32 2023 India Standard Time elapsed time: 0.088292 seconds (0d 0h 0m 0s)

---------------  T H R E A D  ---------------

Current thread (0x0000026da406c120):  JavaThread "Unknown thread" [_thread_in_vm, id=27344, stack(0x000000ffd0800000,0x000000ffd0900000)]

Stack: [0x000000ffd0800000,0x000000ffd0900000]
Native frames: (J=compiled Java code, j=interpreted, Vv=VM code, C=native code)
V  [jvm.dll+0x67733a]
V  [jvm.dll+0x8323c4]
V  [jvm.dll+0x833b6e]
V  [jvm.dll+0x8341d3]
V  [jvm.dll+0x2455e5]
V  [jvm.dll+0x674229]
V  [jvm.dll+0x668ab2]
V  [jvm.dll+0x30458b]
V  [jvm.dll+0x30bad6]
V  [jvm.dll+0x35ba93]
V  [jvm.dll+0x35bcaf]
V  [jvm.dll+0x2db428]
V  [jvm.dll+0x2dc394]
V  [jvm.dll+0x803ef1]
V  [jvm.dll+0x3698d1]
V  [jvm.dll+0x7e320c]
V  [jvm.dll+0x3ec23f]
V  [jvm.dll+0x3eddc1]
C  [jli.dll+0x5277]
C  [ucrtbase.dll+0x21bb2]
C  [KERNEL32.dll+0x17614]
C  [ntdll.dll+0x526a1]


---------------  P R O C E S S  ---------------

Threads class SMR info:
_java_thread_list=0x00007ffe374b4e98, length=0, elements={
}

Java Threads: ( => current thread )

Other Threads:
  0x0000026da636a9f0 GCTaskThread "GC Thread#0" [stack: 0x000000ffd0900000,0x000000ffd0a00000] [id=27072]
  0x0000026da637bac0 ConcurrentGCThread "G1 Main Marker" [stack: 0x000000ffd0a00000,0x000000ffd0b00000] [id=5724]
  0x0000026da637c280 ConcurrentGCThread "G1 Conc#0" [stack: 0x000000ffd0b00000,0x000000ffd0c00000] [id=20880]

[error occurred during error reporting (printing all threads), id 0xc0000005, EXCEPTION_ACCESS_VIOLATION (0xc0000005) at pc=0x00007ffe36c8beb7]

VM state: not at safepoint (not fully initialized)

VM Mutex/Monitor currently owned by a thread:  ([mutex/lock_event])
[0x0000026da630c580] Heap_lock - owner thread: 0x0000026da406c120

Heap address: 0x0000000081e00000, size: 2018 MB, Compressed Oops mode: 32-bit

CDS archive(s) mapped at: [0x0000000000000000-0x0000000000000000-0x0000000000000000), size 0, SharedBaseAddress: 0x0000000800000000, ArchiveRelocationMode: 0.
Narrow klass base: 0x0000000000000000, Narrow klass shift: 0, Narrow klass range: 0x0

GC Precious Log:
<Empty>

Heap:
 garbage-first heap   total 0K, used 0K [0x0000000081e00000, 0x0000000100000000)
  region size 1024K, 0 young (0K), 0 survivors (0K)

[error occurred during error reporting (printing heap information), id 0xc0000005, EXCEPTION_ACCESS_VIOLATION (0xc0000005) at pc=0x00007ffe370706b9]

GC Heap History (0 events):
No events

Deoptimization events (0 events):
No events

Classes unloaded (0 events):
No events

Classes redefined (0 events):
No events

Internal exceptions (0 events):
No events

VM Operations (0 events):
No events

Events (1 events):
Event: 0.066 Loaded shared library C:\Users\harshavardhan.patil\Downloads\sts-4.15.3.RELEASE\plugins\org.eclipse.justj.openjdk.hotspot.jre.full.win32.x86_64_17.0.4.v20220805-1047\jre\bin\java.dll


Dynamic libraries:
0x00007ff7c8d40000 - 0x00007ff7c8d4e000 	C:\Users\harshavardhan.patil\Downloads\sts-4.15.3.RELEASE\plugins\org.eclipse.justj.openjdk.hotspot.jre.full.win32.x86_64_17.0.4.v20220805-1047\jre\bin\javaw.exe
0x00007ffeaaed0000 - 0x00007ffeab0c8000 	C:\Windows\SYSTEM32\ntdll.dll
0x00007ffeaabe0000 - 0x00007ffeaac9f000 	C:\Windows\System32\KERNEL32.dll
0x00007ffea8260000 - 0x00007ffea8361000 	C:\Windows\system32\hmpalert.dll
0x00007ffea8830000 - 0x00007ffea8b02000 	C:\Windows\System32\KERNELBASE.dll
0x00007ffea8c20000 - 0x00007ffea8d20000 	C:\Windows\System32\ucrtbase.dll
0x00007ffe9db50000 - 0x00007ffe9db68000 	C:\Users\harshavardhan.patil\Downloads\sts-4.15.3.RELEASE\plugins\org.eclipse.justj.openjdk.hotspot.jre.full.win32.x86_64_17.0.4.v20220805-1047\jre\bin\jli.dll
0x00007ffeaace0000 - 0x00007ffeaae81000 	C:\Windows\System32\USER32.dll
0x00007ffea8d20000 - 0x00007ffea8d42000 	C:\Windows\System32\win32u.dll
0x00007ffeaa870000 - 0x00007ffeaa89b000 	C:\Windows\System32\GDI32.dll
0x00007ffea85c0000 - 0x00007ffea86cf000 	C:\Windows\System32\gdi32full.dll
0x00007ffea8b80000 - 0x00007ffea8c1d000 	C:\Windows\System32\msvcp_win.dll
0x00007ffea1380000 - 0x00007ffea1399000 	C:\Users\harshavardhan.patil\Downloads\sts-4.15.3.RELEASE\plugins\org.eclipse.justj.openjdk.hotspot.jre.full.win32.x86_64_17.0.4.v20220805-1047\jre\bin\VCRUNTIME140.dll
0x00007ffe8be80000 - 0x00007ffe8c11a000 	C:\Windows\WinSxS\amd64_microsoft.windows.common-controls_6595b64144ccf1df_6.0.19041.1110_none_60b5254171f9507e\COMCTL32.dll
0x00007ffea9450000 - 0x00007ffea94ee000 	C:\Windows\System32\msvcrt.dll
0x00007ffeaaca0000 - 0x00007ffeaacd2000 	C:\Windows\System32\IMM32.DLL
0x00007ffea1570000 - 0x00007ffea157c000 	C:\Users\harshavardhan.patil\Downloads\sts-4.15.3.RELEASE\plugins\org.eclipse.justj.openjdk.hotspot.jre.full.win32.x86_64_17.0.4.v20220805-1047\jre\bin\vcruntime140_1.dll
0x00007ffe868d0000 - 0x00007ffe86961000 	C:\Users\harshavardhan.patil\Downloads\sts-4.15.3.RELEASE\plugins\org.eclipse.justj.openjdk.hotspot.jre.full.win32.x86_64_17.0.4.v20220805-1047\jre\bin\msvcp140.dll
0x00007ffe369a0000 - 0x00007ffe375e6000 	C:\Users\harshavardhan.patil\Downloads\sts-4.15.3.RELEASE\plugins\org.eclipse.justj.openjdk.hotspot.jre.full.win32.x86_64_17.0.4.v20220805-1047\jre\bin\server\jvm.dll
0x00007ffea9ea0000 - 0x00007ffea9f4e000 	C:\Windows\System32\ADVAPI32.dll
0x00007ffeaa140000 - 0x00007ffeaa1dc000 	C:\Windows\System32\sechost.dll
0x00007ffeaa340000 - 0x00007ffeaa465000 	C:\Windows\System32\RPCRT4.dll
0x00007ffeaa7e0000 - 0x00007ffeaa7e8000 	C:\Windows\System32\PSAPI.DLL
0x00007ffe8f820000 - 0x00007ffe8f829000 	C:\Windows\SYSTEM32\WSOCK32.dll
0x00007ffeaa1e0000 - 0x00007ffeaa24b000 	C:\Windows\System32\WS2_32.dll
0x00007ffe8f830000 - 0x00007ffe8f857000 	C:\Windows\SYSTEM32\WINMM.dll
0x00007ffea1f10000 - 0x00007ffea1f1a000 	C:\Windows\SYSTEM32\VERSION.dll
0x00007ffea6550000 - 0x00007ffea6562000 	C:\Windows\SYSTEM32\kernel.appcore.dll
0x00007ffea1580000 - 0x00007ffea158a000 	C:\Users\harshavardhan.patil\Downloads\sts-4.15.3.RELEASE\plugins\org.eclipse.justj.openjdk.hotspot.jre.full.win32.x86_64_17.0.4.v20220805-1047\jre\bin\jimage.dll
0x00007ffea6130000 - 0x00007ffea6314000 	C:\Windows\SYSTEM32\DBGHELP.DLL
0x00007ffe9ec70000 - 0x00007ffe9eca5000 	C:\Windows\SYSTEM32\dbgcore.DLL
0x00007ffea8da0000 - 0x00007ffea8e22000 	C:\Windows\System32\bcryptPrimitives.dll
0x00007ffe86d40000 - 0x00007ffe86d65000 	C:\Users\harshavardhan.patil\Downloads\sts-4.15.3.RELEASE\plugins\org.eclipse.justj.openjdk.hotspot.jre.full.win32.x86_64_17.0.4.v20220805-1047\jre\bin\java.dll

dbghelp: loaded successfully - version: 4.0.5 - missing functions: none
symbol engine: initialized successfully - sym options: 0x614 - pdb path: .;C:\Users\harshavardhan.patil\Downloads\sts-4.15.3.RELEASE\plugins\org.eclipse.justj.openjdk.hotspot.jre.full.win32.x86_64_17.0.4.v20220805-1047\jre\bin;C:\Windows\SYSTEM32;C:\Windows\WinSxS\amd64_microsoft.windows.common-controls_6595b64144ccf1df_6.0.19041.1110_none_60b5254171f9507e;C:\Users\harshavardhan.patil\Downloads\sts-4.15.3.RELEASE\plugins\org.eclipse.justj.openjdk.hotspot.jre.full.win32.x86_64_17.0.4.v20220805-1047\jre\bin\server

VM Arguments:
jvm_args: -Dcom.sun.management.jmxremote -Dcom.sun.management.jmxremote.port=63092 -Dcom.sun.management.jmxremote.authenticate=false -Dcom.sun.management.jmxremote.ssl=false -Djava.rmi.server.hostname=localhost -Dspring.jmx.enabled=true -Dspring.application.admin.enabled=true -XX:TieredStopAtLevel=1 -Dspring.boot.project.name=RatingService -Dfile.encoding=UTF-8 -XX:+ShowCodeDetailsInExceptionMessages 
java_command: com.lcwd.ratingservice.RatingServiceApplication --spring.output.ansi.enabled=always
java_class_path (initial): C:\Users\harshavardhan.patil\Documents\microservice_practice\RatingService\target\classes;C:\Users\harshavardhan.patil\.m2\repository\org\springframework\boot\spring-boot-starter-data-jpa\3.0.3\spring-boot-starter-data-jpa-3.0.3.jar;C:\Users\harshavardhan.patil\.m2\repository\org\springframework\boot\spring-boot-starter-aop\3.0.3\spring-boot-starter-aop-3.0.3.jar;C:\Users\harshavardhan.patil\.m2\repository\org\springframework\spring-aop\6.0.5\spring-aop-6.0.5.jar;C:\Users\harshavardhan.patil\.m2\repository\org\aspectj\aspectjweaver\1.9.19\aspectjweaver-1.9.19.jar;C:\Users\harshavardhan.patil\.m2\repository\org\springframework\boot\spring-boot-starter-jdbc\3.0.3\spring-boot-starter-jdbc-3.0.3.jar;C:\Users\harshavardhan.patil\.m2\repository\com\zaxxer\HikariCP\5.0.1\HikariCP-5.0.1.jar;C:\Users\harshavardhan.patil\.m2\repository\org\springframework\spring-jdbc\6.0.5\spring-jdbc-6.0.5.jar;C:\Users\harshavardhan.patil\.m2\repository\org\hibernate\orm\hibernate-core\6.1.7.Final\hibernate-core-6.1.7.Final.jar;C:\Users\harshavardhan.patil\.m2\repository\jakarta\persistence\jakarta.persistence-api\3.1.0\jakarta.persistence-api-3.1.0.jar;C:\Users\harshavardhan.patil\.m2\repository\jakarta\transaction\jakarta.transaction-api\2.0.1\jakarta.transaction-api-2.0.1.jar;C:\Users\harshavardhan.patil\.m2\repository\org\jboss\logging\jboss-logging\3.5.0.Final\jboss-logging-3.5.0.Final.jar;C:\Users\harshavardhan.patil\.m2\repository\org\hibernate\common\hibernate-commons-annotations\6.0.6.Final\hibernate-commons-annotations-6.0.6.Final.jar;C:\Users\harshavardhan.patil\.m2\repository\org\jboss\jandex\2.4.2.Final\jandex-2.4.2.Final.jar;C:\Users\harshavardhan.patil\.m2\repository\com\fasterxml\classmate\1.5.1\classmate-1.5.1.jar;C:\Users\harshavardhan.patil\.m2\repository\net\bytebuddy\byte-buddy\1.12.23\byte-buddy-1.12.23.jar;C:\Users\harshavardhan.patil\.m2\repository\org\glassfish\jaxb\jaxb-runtime\4.0.2\jaxb-runtime-4.0.2.jar;C:\Users\harshavardhan.patil\.m
Launcher Type: SUN_STANDARD

[Global flags]
     intx CICompilerCount                          = 4                                         {product} {ergonomic}
     uint ConcGCThreads                            = 2                                         {product} {ergonomic}
     uint G1ConcRefinementThreads                  = 8                                         {product} {ergonomic}
   size_t G1HeapRegionSize                         = 1048576                                   {product} {ergonomic}
    uintx GCDrainStackTargetSize                   = 64                                        {product} {ergonomic}
   size_t InitialHeapSize                          = 134217728                                 {product} {ergonomic}
     bool ManagementServer                         = true                                      {product} {command line}
   size_t MarkStackSize                            = 4194304                                   {product} {ergonomic}
   size_t MaxHeapSize                              = 2116026368                                {product} {ergonomic}
   size_t MinHeapDeltaBytes                        = 1048576                                   {product} {ergonomic}
   size_t MinHeapSize                              = 8388608                                   {product} {ergonomic}
    uintx NonProfiledCodeHeapSize                  = 0                                      {pd product} {ergonomic}
     bool ProfileInterpreter                       = false                                  {pd product} {command line}
    uintx ProfiledCodeHeapSize                     = 0                                      {pd product} {ergonomic}
     bool ShowCodeDetailsInExceptionMessages       = true                                   {manageable} {command line}
   size_t SoftMaxHeapSize                          = 2116026368                             {manageable} {ergonomic}
     intx TieredStopAtLevel                        = 1                                         {product} {command line}
     bool UseCompressedClassPointers               = true                           {product lp64_product} {ergonomic}
     bool UseCompressedOops                        = true                           {product lp64_product} {ergonomic}
     bool UseG1GC                                  = true                                      {product} {ergonomic}
     bool UseLargePagesIndividualAllocation        = false                                  {pd product} {ergonomic}

Logging:
Log output configuration:
 #0: stdout all=warning uptime,level,tags
 #1: stderr all=off uptime,level,tags

Environment Variables:
PATH=C:/Users/harshavardhan.patil/Downloads/sts-4.15.3.RELEASE//plugins/org.eclipse.justj.openjdk.hotspot.jre.full.win32.x86_64_17.0.4.v20220805-1047/jre/bin/server;C:/Users/harshavardhan.patil/Downloads/sts-4.15.3.RELEASE//plugins/org.eclipse.justj.openjdk.hotspot.jre.full.win32.x86_64_17.0.4.v20220805-1047/jre/bin;C:\Program Files (x86)\Common Files\Oracle\Java\javapath;C:\Windows\system32;C:\Windows;C:\Windows\System32\Wbem;C:\Windows\System32\WindowsPowerShell\v1.0\;C:\Windows\System32\OpenSSH\;C:\Program Files\Intel\WiFi\bin\;C:\Program Files\Common Files\Intel\WirelessCommon\;C:\Program Files\nodejs\;C:\Users\harshavardhan.patil\AppData\Local\Microsoft\WindowsApps;C:\Users\harshavardhan.patil\AppData\Local\Programs\Microsoft VS Code\bin;C:\Users\harshavardhan.patil\AppData\Roaming\npm;C:\Users\harshavardhan.patil\AppData\Local\Programs\Git\cmd;C:\Users\harshavardhan.patil\AppData\Local\Programs\Git\mingw64\bin;C:\Users\harshavardhan.patil\AppData\Local\Programs\Git\usr\bin;C:\Users\harshavardhan.patil\Downloads\sts-4.15.3.RELEASE;
USERNAME=harshavardhan.patil
OS=Windows_NT
PROCESSOR_IDENTIFIER=Intel64 Family 6 Model 142 Stepping 10, GenuineIntel
TMP=C:\Users\HARSHA~1.PAT\AppData\Local\Temp
TEMP=C:\Users\HARSHA~1.PAT\AppData\Local\Temp



---------------  S Y S T E M  ---------------

OS:
 Windows 10 , 64 bit Build 19041 (10.0.19041.2364)
OS uptime: 23 days 0:28 hours

CPU: total 8 (initial active 8) (4 cores per cpu, 2 threads per core) family 6 model 142 stepping 10 microcode 0xf0, cx8, cmov, fxsr, ht, mmx, 3dnowpref, sse, sse2, sse3, ssse3, sse4.1, sse4.2, popcnt, lzcnt, tsc, tscinvbit, avx, avx2, aes, erms, clmul, bmi1, bmi2, adx, fma, vzeroupper, clflush, clflushopt

Memory: 4k page, system-wide physical 8066M (316M free)
TotalPageFile size 32642M (AvailPageFile size 5M)
current process WorkingSet (physical memory assigned to process): 10M, peak: 10M
current process commit charge ("private bytes"): 185M, peak: 187M

vm_info: OpenJDK 64-Bit Server VM (17.0.4+8) for windows-amd64 JRE (17.0.4+8), built on Jul 19 2022 16:05:16 by "temurin" with MS VC++ 16.7 (VS2019)

END.
